[10-Feb-2026 09:37:29 UTC] PHP Fatal error:  Uncaught Error: Call to undefined function get_stylesheet_uri() in C:\Users\somnath\Local Sites\daly-college-indore\app\public\index.php:8
Stack trace:
#0 {main}
  thrown in C:\Users\somnath\Local Sites\daly-college-indore\app\public\index.php on line 8
[10-Feb-2026 09:37:29 UTC] PHP Fatal error:  Uncaught Error: Call to undefined function get_stylesheet_uri() in C:\Users\somnath\Local Sites\daly-college-indore\app\public\index.php:8
Stack trace:
#0 {main}
  thrown in C:\Users\somnath\Local Sites\daly-college-indore\app\public\index.php on line 8
[10-Feb-2026 09:37:33 UTC] PHP Fatal error:  Uncaught Error: Call to undefined function get_stylesheet_uri() in C:\Users\somnath\Local Sites\daly-college-indore\app\public\index.php:8
Stack trace:
#0 {main}
  thrown in C:\Users\somnath\Local Sites\daly-college-indore\app\public\index.php on line 8
[10-Feb-2026 09:37:33 UTC] PHP Fatal error:  Uncaught Error: Call to undefined function get_stylesheet_uri() in C:\Users\somnath\Local Sites\daly-college-indore\app\public\index.php:8
Stack trace:
#0 {main}
  thrown in C:\Users\somnath\Local Sites\daly-college-indore\app\public\index.php on line 8
[10-Feb-2026 09:37:33 UTC] PHP Fatal error:  Uncaught Error: Call to undefined function get_stylesheet_uri() in C:\Users\somnath\Local Sites\daly-college-indore\app\public\index.php:8
Stack trace:
#0 {main}
  thrown in C:\Users\somnath\Local Sites\daly-college-indore\app\public\index.php on line 8
[10-Feb-2026 09:37:33 UTC] PHP Fatal error:  Uncaught Error: Call to undefined function get_stylesheet_uri() in C:\Users\somnath\Local Sites\daly-college-indore\app\public\index.php:8
Stack trace:
#0 {main}
  thrown in C:\Users\somnath\Local Sites\daly-college-indore\app\public\index.php on line 8
[10-Feb-2026 09:37:34 UTC] PHP Fatal error:  Uncaught Error: Call to undefined function get_stylesheet_uri() in C:\Users\somnath\Local Sites\daly-college-indore\app\public\index.php:8
Stack trace:
#0 {main}
  thrown in C:\Users\somnath\Local Sites\daly-college-indore\app\public\index.php on line 8
[10-Feb-2026 09:37:34 UTC] PHP Fatal error:  Uncaught Error: Call to undefined function get_stylesheet_uri() in C:\Users\somnath\Local Sites\daly-college-indore\app\public\index.php:8
Stack trace:
#0 {main}
  thrown in C:\Users\somnath\Local Sites\daly-college-indore\app\public\index.php on line 8
[10-Feb-2026 09:37:34 UTC] PHP Fatal error:  Uncaught Error: Call to undefined function get_stylesheet_uri() in C:\Users\somnath\Local Sites\daly-college-indore\app\public\index.php:8
Stack trace:
#0 {main}
  thrown in C:\Users\somnath\Local Sites\daly-college-indore\app\public\index.php on line 8
[10-Feb-2026 09:37:34 UTC] PHP Fatal error:  Uncaught Error: Call to undefined function get_stylesheet_uri() in C:\Users\somnath\Local Sites\daly-college-indore\app\public\index.php:8
Stack trace:
#0 {main}
  thrown in C:\Users\somnath\Local Sites\daly-college-indore\app\public\index.php on line 8
[10-Feb-2026 09:37:34 UTC] PHP Fatal error:  Uncaught Error: Call to undefined function get_stylesheet_uri() in C:\Users\somnath\Local Sites\daly-college-indore\app\public\index.php:8
Stack trace:
#0 {main}
  thrown in C:\Users\somnath\Local Sites\daly-college-indore\app\public\index.php on line 8
[10-Feb-2026 09:37:34 UTC] PHP Fatal error:  Uncaught Error: Call to undefined function get_stylesheet_uri() in C:\Users\somnath\Local Sites\daly-college-indore\app\public\index.php:8
Stack trace:
#0 {main}
  thrown in C:\Users\somnath\Local Sites\daly-college-indore\app\public\index.php on line 8
[10-Feb-2026 09:37:34 UTC] PHP Fatal error:  Uncaught Error: Call to undefined function get_stylesheet_uri() in C:\Users\somnath\Local Sites\daly-college-indore\app\public\index.php:8
Stack trace:
#0 {main}
  thrown in C:\Users\somnath\Local Sites\daly-college-indore\app\public\index.php on line 8
[10-Feb-2026 09:37:34 UTC] PHP Fatal error:  Uncaught Error: Call to undefined function get_stylesheet_uri() in C:\Users\somnath\Local Sites\daly-college-indore\app\public\index.php:8
Stack trace:
#0 {main}
  thrown in C:\Users\somnath\Local Sites\daly-college-indore\app\public\index.php on line 8
[10-Feb-2026 09:37:35 UTC] PHP Fatal error:  Uncaught Error: Call to undefined function get_stylesheet_uri() in C:\Users\somnath\Local Sites\daly-college-indore\app\public\index.php:8
Stack trace:
#0 {main}
  thrown in C:\Users\somnath\Local Sites\daly-college-indore\app\public\index.php on line 8
[10-Feb-2026 09:37:35 UTC] PHP Fatal error:  Uncaught Error: Call to undefined function get_stylesheet_uri() in C:\Users\somnath\Local Sites\daly-college-indore\app\public\index.php:8
Stack trace:
#0 {main}
  thrown in C:\Users\somnath\Local Sites\daly-college-indore\app\public\index.php on line 8
[10-Feb-2026 09:37:35 UTC] PHP Fatal error:  Uncaught Error: Call to undefined function get_stylesheet_uri() in C:\Users\somnath\Local Sites\daly-college-indore\app\public\index.php:8
Stack trace:
#0 {main}
  thrown in C:\Users\somnath\Local Sites\daly-college-indore\app\public\index.php on line 8
[10-Feb-2026 09:37:35 UTC] PHP Fatal error:  Uncaught Error: Call to undefined function get_stylesheet_uri() in C:\Users\somnath\Local Sites\daly-college-indore\app\public\index.php:8
Stack trace:
#0 {main}
  thrown in C:\Users\somnath\Local Sites\daly-college-indore\app\public\index.php on line 8
[10-Feb-2026 09:37:35 UTC] PHP Fatal error:  Uncaught Error: Call to undefined function get_stylesheet_uri() in C:\Users\somnath\Local Sites\daly-college-indore\app\public\index.php:8
Stack trace:
#0 {main}
  thrown in C:\Users\somnath\Local Sites\daly-college-indore\app\public\index.php on line 8
[10-Feb-2026 09:37:35 UTC] PHP Fatal error:  Uncaught Error: Call to undefined function get_stylesheet_uri() in C:\Users\somnath\Local Sites\daly-college-indore\app\public\index.php:8
Stack trace:
#0 {main}
  thrown in C:\Users\somnath\Local Sites\daly-college-indore\app\public\index.php on line 8
[10-Feb-2026 09:37:36 UTC] PHP Fatal error:  Uncaught Error: Call to undefined function get_stylesheet_uri() in C:\Users\somnath\Local Sites\daly-college-indore\app\public\index.php:8
Stack trace:
#0 {main}
  thrown in C:\Users\somnath\Local Sites\daly-college-indore\app\public\index.php on line 8
[10-Feb-2026 09:37:36 UTC] PHP Fatal error:  Uncaught Error: Call to undefined function get_stylesheet_uri() in C:\Users\somnath\Local Sites\daly-college-indore\app\public\index.php:8
Stack trace:
#0 {main}
  thrown in C:\Users\somnath\Local Sites\daly-college-indore\app\public\index.php on line 8
[10-Feb-2026 09:37:36 UTC] PHP Fatal error:  Uncaught Error: Call to undefined function get_stylesheet_uri() in C:\Users\somnath\Local Sites\daly-college-indore\app\public\index.php:8
Stack trace:
#0 {main}
  thrown in C:\Users\somnath\Local Sites\daly-college-indore\app\public\index.php on line 8
[10-Feb-2026 09:37:36 UTC] PHP Fatal error:  Uncaught Error: Call to undefined function get_stylesheet_uri() in C:\Users\somnath\Local Sites\daly-college-indore\app\public\index.php:8
Stack trace:
#0 {main}
  thrown in C:\Users\somnath\Local Sites\daly-college-indore\app\public\index.php on line 8
[10-Feb-2026 09:37:43 UTC] PHP Fatal error:  Uncaught Error: Call to undefined function get_stylesheet_uri() in C:\Users\somnath\Local Sites\daly-college-indore\app\public\index.php:8
Stack trace:
#0 {main}
  thrown in C:\Users\somnath\Local Sites\daly-college-indore\app\public\index.php on line 8
[10-Feb-2026 09:37:43 UTC] PHP Fatal error:  Uncaught Error: Call to undefined function get_stylesheet_uri() in C:\Users\somnath\Local Sites\daly-college-indore\app\public\index.php:8
Stack trace:
#0 {main}
  thrown in C:\Users\somnath\Local Sites\daly-college-indore\app\public\index.php on line 8
[10-Feb-2026 09:39:20 UTC] PHP Fatal error:  Uncaught Error: Call to undefined function get_stylesheet_uri() in C:\Users\somnath\Local Sites\daly-college-indore\app\public\index.php:8
Stack trace:
#0 {main}
  thrown in C:\Users\somnath\Local Sites\daly-college-indore\app\public\index.php on line 8
[10-Feb-2026 09:39:21 UTC] PHP Fatal error:  Uncaught Error: Call to undefined function get_stylesheet_uri() in C:\Users\somnath\Local Sites\daly-college-indore\app\public\index.php:8
Stack trace:
#0 {main}
  thrown in C:\Users\somnath\Local Sites\daly-college-indore\app\public\index.php on line 8
[10-Feb-2026 09:39:21 UTC] PHP Fatal error:  Uncaught Error: Call to undefined function get_stylesheet_uri() in C:\Users\somnath\Local Sites\daly-college-indore\app\public\index.php:8
Stack trace:
#0 {main}
  thrown in C:\Users\somnath\Local Sites\daly-college-indore\app\public\index.php on line 8
[10-Feb-2026 09:39:21 UTC] PHP Fatal error:  Uncaught Error: Call to undefined function get_stylesheet_uri() in C:\Users\somnath\Local Sites\daly-college-indore\app\public\index.php:8
Stack trace:
#0 {main}
  thrown in C:\Users\somnath\Local Sites\daly-college-indore\app\public\index.php on line 8
[10-Feb-2026 09:39:21 UTC] PHP Fatal error:  Uncaught Error: Call to undefined function get_stylesheet_uri() in C:\Users\somnath\Local Sites\daly-college-indore\app\public\index.php:8
Stack trace:
#0 {main}
  thrown in C:\Users\somnath\Local Sites\daly-college-indore\app\public\index.php on line 8
[10-Feb-2026 09:39:21 UTC] PHP Fatal error:  Uncaught Error: Call to undefined function get_stylesheet_uri() in C:\Users\somnath\Local Sites\daly-college-indore\app\public\index.php:8
Stack trace:
#0 {main}
  thrown in C:\Users\somnath\Local Sites\daly-college-indore\app\public\index.php on line 8
[10-Feb-2026 09:39:21 UTC] PHP Fatal error:  Uncaught Error: Call to undefined function get_stylesheet_uri() in C:\Users\somnath\Local Sites\daly-college-indore\app\public\index.php:8
Stack trace:
#0 {main}
  thrown in C:\Users\somnath\Local Sites\daly-college-indore\app\public\index.php on line 8
[10-Feb-2026 09:39:21 UTC] PHP Fatal error:  Uncaught Error: Call to undefined function get_stylesheet_uri() in C:\Users\somnath\Local Sites\daly-college-indore\app\public\index.php:8
Stack trace:
#0 {main}
  thrown in C:\Users\somnath\Local Sites\daly-college-indore\app\public\index.php on line 8
[10-Feb-2026 09:39:21 UTC] PHP Fatal error:  Uncaught Error: Call to undefined function get_stylesheet_uri() in C:\Users\somnath\Local Sites\daly-college-indore\app\public\index.php:8
Stack trace:
#0 {main}
  thrown in C:\Users\somnath\Local Sites\daly-college-indore\app\public\index.php on line 8
[10-Feb-2026 09:39:21 UTC] PHP Fatal error:  Uncaught Error: Call to undefined function get_stylesheet_uri() in C:\Users\somnath\Local Sites\daly-college-indore\app\public\index.php:8
Stack trace:
#0 {main}
  thrown in C:\Users\somnath\Local Sites\daly-college-indore\app\public\index.php on line 8
[10-Feb-2026 09:39:22 UTC] PHP Fatal error:  Uncaught Error: Call to undefined function get_stylesheet_uri() in C:\Users\somnath\Local Sites\daly-college-indore\app\public\index.php:8
Stack trace:
#0 {main}
  thrown in C:\Users\somnath\Local Sites\daly-college-indore\app\public\index.php on line 8
[10-Feb-2026 09:39:22 UTC] PHP Fatal error:  Uncaught Error: Call to undefined function get_stylesheet_uri() in C:\Users\somnath\Local Sites\daly-college-indore\app\public\index.php:8
Stack trace:
#0 {main}
  thrown in C:\Users\somnath\Local Sites\daly-college-indore\app\public\index.php on line 8
[10-Feb-2026 09:39:22 UTC] PHP Fatal error:  Uncaught Error: Call to undefined function get_stylesheet_uri() in C:\Users\somnath\Local Sites\daly-college-indore\app\public\index.php:8
Stack trace:
#0 {main}
  thrown in C:\Users\somnath\Local Sites\daly-college-indore\app\public\index.php on line 8
[10-Feb-2026 09:39:22 UTC] PHP Fatal error:  Uncaught Error: Call to undefined function get_stylesheet_uri() in C:\Users\somnath\Local Sites\daly-college-indore\app\public\index.php:8
Stack trace:
#0 {main}
  thrown in C:\Users\somnath\Local Sites\daly-college-indore\app\public\index.php on line 8
[10-Feb-2026 09:39:26 UTC] PHP Fatal error:  Uncaught Error: Call to undefined function get_stylesheet_uri() in C:\Users\somnath\Local Sites\daly-college-indore\app\public\index.php:8
Stack trace:
#0 {main}
  thrown in C:\Users\somnath\Local Sites\daly-college-indore\app\public\index.php on line 8
[10-Feb-2026 09:39:26 UTC] PHP Fatal error:  Uncaught Error: Call to undefined function get_stylesheet_uri() in C:\Users\somnath\Local Sites\daly-college-indore\app\public\index.php:8
Stack trace:
#0 {main}
  thrown in C:\Users\somnath\Local Sites\daly-college-indore\app\public\index.php on line 8
[10-Feb-2026 09:43:27 UTC] PHP Fatal error:  Uncaught Error: Call to undefined function get_header() in C:\Users\somnath\Local Sites\daly-college-indore\app\public\index.php:31
Stack trace:
#0 {main}
  thrown in C:\Users\somnath\Local Sites\daly-college-indore\app\public\index.php on line 31
[10-Feb-2026 09:43:27 UTC] PHP Fatal error:  Uncaught Error: Call to undefined function get_header() in C:\Users\somnath\Local Sites\daly-college-indore\app\public\index.php:31
Stack trace:
#0 {main}
  thrown in C:\Users\somnath\Local Sites\daly-college-indore\app\public\index.php on line 31
[10-Feb-2026 09:51:34 UTC] PHP Fatal error:  Uncaught Error: Call to undefined function get_header() in C:\Users\somnath\Local Sites\daly-college-indore\app\public\index.php:31
Stack trace:
#0 {main}
  thrown in C:\Users\somnath\Local Sites\daly-college-indore\app\public\index.php on line 31
[10-Feb-2026 09:51:34 UTC] PHP Fatal error:  Uncaught Error: Call to undefined function get_header() in C:\Users\somnath\Local Sites\daly-college-indore\app\public\index.php:31
Stack trace:
#0 {main}
  thrown in C:\Users\somnath\Local Sites\daly-college-indore\app\public\index.php on line 31
[10-Feb-2026 09:51:34 UTC] PHP Fatal error:  Uncaught Error: Call to undefined function get_header() in C:\Users\somnath\Local Sites\daly-college-indore\app\public\index.php:31
Stack trace:
#0 {main}
  thrown in C:\Users\somnath\Local Sites\daly-college-indore\app\public\index.php on line 31
[10-Feb-2026 09:51:35 UTC] PHP Fatal error:  Uncaught Error: Call to undefined function get_header() in C:\Users\somnath\Local Sites\daly-college-indore\app\public\index.php:31
Stack trace:
#0 {main}
  thrown in C:\Users\somnath\Local Sites\daly-college-indore\app\public\index.php on line 31
[10-Feb-2026 09:51:35 UTC] PHP Fatal error:  Uncaught Error: Call to undefined function get_header() in C:\Users\somnath\Local Sites\daly-college-indore\app\public\index.php:31
Stack trace:
#0 {main}
  thrown in C:\Users\somnath\Local Sites\daly-college-indore\app\public\index.php on line 31
[10-Feb-2026 09:51:35 UTC] PHP Fatal error:  Uncaught Error: Call to undefined function get_header() in C:\Users\somnath\Local Sites\daly-college-indore\app\public\index.php:31
Stack trace:
#0 {main}
  thrown in C:\Users\somnath\Local Sites\daly-college-indore\app\public\index.php on line 31
[10-Feb-2026 09:51:35 UTC] PHP Fatal error:  Uncaught Error: Call to undefined function get_header() in C:\Users\somnath\Local Sites\daly-college-indore\app\public\index.php:31
Stack trace:
#0 {main}
  thrown in C:\Users\somnath\Local Sites\daly-college-indore\app\public\index.php on line 31
[10-Feb-2026 09:51:35 UTC] PHP Fatal error:  Uncaught Error: Call to undefined function get_header() in C:\Users\somnath\Local Sites\daly-college-indore\app\public\index.php:31
Stack trace:
#0 {main}
  thrown in C:\Users\somnath\Local Sites\daly-college-indore\app\public\index.php on line 31
[10-Feb-2026 09:51:35 UTC] PHP Fatal error:  Uncaught Error: Call to undefined function get_header() in C:\Users\somnath\Local Sites\daly-college-indore\app\public\index.php:31
Stack trace:
#0 {main}
  thrown in C:\Users\somnath\Local Sites\daly-college-indore\app\public\index.php on line 31
[10-Feb-2026 09:51:35 UTC] PHP Fatal error:  Uncaught Error: Call to undefined function get_header() in C:\Users\somnath\Local Sites\daly-college-indore\app\public\index.php:31
Stack trace:
#0 {main}
  thrown in C:\Users\somnath\Local Sites\daly-college-indore\app\public\index.php on line 31
[10-Feb-2026 09:51:35 UTC] PHP Fatal error:  Uncaught Error: Call to undefined function get_header() in C:\Users\somnath\Local Sites\daly-college-indore\app\public\index.php:31
Stack trace:
#0 {main}
  thrown in C:\Users\somnath\Local Sites\daly-college-indore\app\public\index.php on line 31
[10-Feb-2026 09:51:35 UTC] PHP Fatal error:  Uncaught Error: Call to undefined function get_header() in C:\Users\somnath\Local Sites\daly-college-indore\app\public\index.php:31
Stack trace:
#0 {main}
  thrown in C:\Users\somnath\Local Sites\daly-college-indore\app\public\index.php on line 31
[10-Feb-2026 09:51:35 UTC] PHP Fatal error:  Uncaught Error: Call to undefined function get_header() in C:\Users\somnath\Local Sites\daly-college-indore\app\public\index.php:31
Stack trace:
#0 {main}
  thrown in C:\Users\somnath\Local Sites\daly-college-indore\app\public\index.php on line 31
[10-Feb-2026 09:51:35 UTC] PHP Fatal error:  Uncaught Error: Call to undefined function get_header() in C:\Users\somnath\Local Sites\daly-college-indore\app\public\index.php:31
Stack trace:
#0 {main}
  thrown in C:\Users\somnath\Local Sites\daly-college-indore\app\public\index.php on line 31
[10-Feb-2026 09:51:35 UTC] PHP Fatal error:  Uncaught Error: Call to undefined function get_header() in C:\Users\somnath\Local Sites\daly-college-indore\app\public\index.php:31
Stack trace:
#0 {main}
  thrown in C:\Users\somnath\Local Sites\daly-college-indore\app\public\index.php on line 31
[10-Feb-2026 09:51:36 UTC] PHP Fatal error:  Uncaught Error: Call to undefined function get_header() in C:\Users\somnath\Local Sites\daly-college-indore\app\public\index.php:31
Stack trace:
#0 {main}
  thrown in C:\Users\somnath\Local Sites\daly-college-indore\app\public\index.php on line 31
[10-Feb-2026 09:51:36 UTC] PHP Fatal error:  Uncaught Error: Call to undefined function get_header() in C:\Users\somnath\Local Sites\daly-college-indore\app\public\index.php:31
Stack trace:
#0 {main}
  thrown in C:\Users\somnath\Local Sites\daly-college-indore\app\public\index.php on line 31
[10-Feb-2026 09:51:36 UTC] PHP Fatal error:  Uncaught Error: Call to undefined function get_header() in C:\Users\somnath\Local Sites\daly-college-indore\app\public\index.php:31
Stack trace:
#0 {main}
  thrown in C:\Users\somnath\Local Sites\daly-college-indore\app\public\index.php on line 31
[10-Feb-2026 09:51:36 UTC] PHP Fatal error:  Uncaught Error: Call to undefined function get_header() in C:\Users\somnath\Local Sites\daly-college-indore\app\public\index.php:31
Stack trace:
#0 {main}
  thrown in C:\Users\somnath\Local Sites\daly-college-indore\app\public\index.php on line 31
[10-Feb-2026 09:51:36 UTC] PHP Fatal error:  Uncaught Error: Call to undefined function get_header() in C:\Users\somnath\Local Sites\daly-college-indore\app\public\index.php:31
Stack trace:
#0 {main}
  thrown in C:\Users\somnath\Local Sites\daly-college-indore\app\public\index.php on line 31
[10-Feb-2026 09:51:36 UTC] PHP Fatal error:  Uncaught Error: Call to undefined function get_header() in C:\Users\somnath\Local Sites\daly-college-indore\app\public\index.php:31
Stack trace:
#0 {main}
  thrown in C:\Users\somnath\Local Sites\daly-college-indore\app\public\index.php on line 31
[10-Feb-2026 09:51:36 UTC] PHP Fatal error:  Uncaught Error: Call to undefined function get_header() in C:\Users\somnath\Local Sites\daly-college-indore\app\public\index.php:31
Stack trace:
#0 {main}
  thrown in C:\Users\somnath\Local Sites\daly-college-indore\app\public\index.php on line 31
[10-Feb-2026 09:51:36 UTC] PHP Fatal error:  Uncaught Error: Call to undefined function get_header() in C:\Users\somnath\Local Sites\daly-college-indore\app\public\index.php:31
Stack trace:
#0 {main}
  thrown in C:\Users\somnath\Local Sites\daly-college-indore\app\public\index.php on line 31
[10-Feb-2026 09:51:36 UTC] PHP Fatal error:  Uncaught Error: Call to undefined function get_header() in C:\Users\somnath\Local Sites\daly-college-indore\app\public\index.php:31
Stack trace:
#0 {main}
  thrown in C:\Users\somnath\Local Sites\daly-college-indore\app\public\index.php on line 31
[10-Feb-2026 09:51:37 UTC] PHP Fatal error:  Uncaught Error: Call to undefined function get_header() in C:\Users\somnath\Local Sites\daly-college-indore\app\public\index.php:31
Stack trace:
#0 {main}
  thrown in C:\Users\somnath\Local Sites\daly-college-indore\app\public\index.php on line 31
[10-Feb-2026 09:51:37 UTC] PHP Fatal error:  Uncaught Error: Call to undefined function get_header() in C:\Users\somnath\Local Sites\daly-college-indore\app\public\index.php:31
Stack trace:
#0 {main}
  thrown in C:\Users\somnath\Local Sites\daly-college-indore\app\public\index.php on line 31
[10-Feb-2026 09:51:37 UTC] PHP Fatal error:  Uncaught Error: Call to undefined function get_header() in C:\Users\somnath\Local Sites\daly-college-indore\app\public\index.php:31
Stack trace:
#0 {main}
  thrown in C:\Users\somnath\Local Sites\daly-college-indore\app\public\index.php on line 31
[10-Feb-2026 09:51:37 UTC] PHP Fatal error:  Uncaught Error: Call to undefined function get_header() in C:\Users\somnath\Local Sites\daly-college-indore\app\public\index.php:31
Stack trace:
#0 {main}
  thrown in C:\Users\somnath\Local Sites\daly-college-indore\app\public\index.php on line 31
[10-Feb-2026 09:51:37 UTC] PHP Fatal error:  Uncaught Error: Call to undefined function get_header() in C:\Users\somnath\Local Sites\daly-college-indore\app\public\index.php:31
Stack trace:
#0 {main}
  thrown in C:\Users\somnath\Local Sites\daly-college-indore\app\public\index.php on line 31
[10-Feb-2026 09:51:37 UTC] PHP Fatal error:  Uncaught Error: Call to undefined function get_header() in C:\Users\somnath\Local Sites\daly-college-indore\app\public\index.php:31
Stack trace:
#0 {main}
  thrown in C:\Users\somnath\Local Sites\daly-college-indore\app\public\index.php on line 31
[10-Feb-2026 09:51:37 UTC] PHP Fatal error:  Uncaught Error: Call to undefined function get_header() in C:\Users\somnath\Local Sites\daly-college-indore\app\public\index.php:31
Stack trace:
#0 {main}
  thrown in C:\Users\somnath\Local Sites\daly-college-indore\app\public\index.php on line 31
[10-Feb-2026 09:51:37 UTC] PHP Fatal error:  Uncaught Error: Call to undefined function get_header() in C:\Users\somnath\Local Sites\daly-college-indore\app\public\index.php:31
Stack trace:
#0 {main}
  thrown in C:\Users\somnath\Local Sites\daly-college-indore\app\public\index.php on line 31
[10-Feb-2026 09:51:37 UTC] PHP Fatal error:  Uncaught Error: Call to undefined function get_header() in C:\Users\somnath\Local Sites\daly-college-indore\app\public\index.php:31
Stack trace:
#0 {main}
  thrown in C:\Users\somnath\Local Sites\daly-college-indore\app\public\index.php on line 31
[10-Feb-2026 10:38:29 UTC] PHP Fatal error:  Uncaught Error: Call to undefined function get_header() in C:\Users\somnath\Local Sites\daly-college-indore\app\public\index.php:1
Stack trace:
#0 {main}
  thrown in C:\Users\somnath\Local Sites\daly-college-indore\app\public\index.php on line 1
[10-Feb-2026 10:38:29 UTC] PHP Fatal error:  Uncaught Error: Call to undefined function get_header() in C:\Users\somnath\Local Sites\daly-college-indore\app\public\index.php:1
Stack trace:
#0 {main}
  thrown in C:\Users\somnath\Local Sites\daly-college-indore\app\public\index.php on line 1
[10-Feb-2026 10:38:45 UTC] PHP Fatal error:  Uncaught Error: Call to undefined function get_header() in C:\Users\somnath\Local Sites\daly-college-indore\app\public\index.php:1
Stack trace:
#0 {main}
  thrown in C:\Users\somnath\Local Sites\daly-college-indore\app\public\index.php on line 1
[10-Feb-2026 10:38:45 UTC] PHP Fatal error:  Uncaught Error: Call to undefined function get_header() in C:\Users\somnath\Local Sites\daly-college-indore\app\public\index.php:1
Stack trace:
#0 {main}
  thrown in C:\Users\somnath\Local Sites\daly-college-indore\app\public\index.php on line 1
[10-Feb-2026 10:38:47 UTC] PHP Fatal error:  Uncaught Error: Call to undefined function get_header() in C:\Users\somnath\Local Sites\daly-college-indore\app\public\index.php:1
Stack trace:
#0 {main}
  thrown in C:\Users\somnath\Local Sites\daly-college-indore\app\public\index.php on line 1
[10-Feb-2026 10:38:47 UTC] PHP Fatal error:  Uncaught Error: Call to undefined function get_header() in C:\Users\somnath\Local Sites\daly-college-indore\app\public\index.php:1
Stack trace:
#0 {main}
  thrown in C:\Users\somnath\Local Sites\daly-college-indore\app\public\index.php on line 1
[10-Feb-2026 10:39:07 UTC] PHP Fatal error:  Uncaught Error: Call to undefined function get_header() in C:\Users\somnath\Local Sites\daly-college-indore\app\public\index.php:1
Stack trace:
#0 {main}
  thrown in C:\Users\somnath\Local Sites\daly-college-indore\app\public\index.php on line 1
[10-Feb-2026 10:39:07 UTC] PHP Fatal error:  Uncaught Error: Call to undefined function get_header() in C:\Users\somnath\Local Sites\daly-college-indore\app\public\index.php:1
Stack trace:
#0 {main}
  thrown in C:\Users\somnath\Local Sites\daly-college-indore\app\public\index.php on line 1
[10-Feb-2026 10:39:44 UTC] PHP Fatal error:  Uncaught Error: Call to undefined function get_header() in C:\Users\somnath\Local Sites\daly-college-indore\app\public\index.php:1
Stack trace:
#0 {main}
  thrown in C:\Users\somnath\Local Sites\daly-college-indore\app\public\index.php on line 1
[10-Feb-2026 10:39:44 UTC] PHP Fatal error:  Uncaught Error: Call to undefined function get_header() in C:\Users\somnath\Local Sites\daly-college-indore\app\public\index.php:1
Stack trace:
#0 {main}
  thrown in C:\Users\somnath\Local Sites\daly-college-indore\app\public\index.php on line 1
[10-Feb-2026 10:39:44 UTC] PHP Fatal error:  Uncaught Error: Call to undefined function get_header() in C:\Users\somnath\Local Sites\daly-college-indore\app\public\index.php:1
Stack trace:
#0 {main}
  thrown in C:\Users\somnath\Local Sites\daly-college-indore\app\public\index.php on line 1
[10-Feb-2026 10:39:44 UTC] PHP Fatal error:  Uncaught Error: Call to undefined function get_header() in C:\Users\somnath\Local Sites\daly-college-indore\app\public\index.php:1
Stack trace:
#0 {main}
  thrown in C:\Users\somnath\Local Sites\daly-college-indore\app\public\index.php on line 1
[10-Feb-2026 10:39:45 UTC] PHP Fatal error:  Uncaught Error: Call to undefined function get_header() in C:\Users\somnath\Local Sites\daly-college-indore\app\public\index.php:1
Stack trace:
#0 {main}
  thrown in C:\Users\somnath\Local Sites\daly-college-indore\app\public\index.php on line 1
[10-Feb-2026 10:39:45 UTC] PHP Fatal error:  Uncaught Error: Call to undefined function get_header() in C:\Users\somnath\Local Sites\daly-college-indore\app\public\index.php:1
Stack trace:
#0 {main}
  thrown in C:\Users\somnath\Local Sites\daly-college-indore\app\public\index.php on line 1
[10-Feb-2026 10:39:45 UTC] PHP Fatal error:  Uncaught Error: Call to undefined function get_header() in C:\Users\somnath\Local Sites\daly-college-indore\app\public\index.php:1
Stack trace:
#0 {main}
  thrown in C:\Users\somnath\Local Sites\daly-college-indore\app\public\index.php on line 1
[10-Feb-2026 10:39:45 UTC] PHP Fatal error:  Uncaught Error: Call to undefined function get_header() in C:\Users\somnath\Local Sites\daly-college-indore\app\public\index.php:1
Stack trace:
#0 {main}
  thrown in C:\Users\somnath\Local Sites\daly-college-indore\app\public\index.php on line 1
